<?xml version="1.0" encoding="UTF-8"?>
<robot generator="Robot 6.1.1 (Python 3.11.6 on darwin)" generated="20240131 21:38:58.971" rpa="false" schemaversion="4">
<suite id="s1" name="Assignment2" source="/Users/zaenalarifin/PycharmProjects/PythonProject/python-project/Tests/Assignment2.robot">
<test id="s1-t1" name="Valid Login" line="11">
<kw name="Open Browser To Login page" library="Resources">
<kw name="Open Browser" library="SeleniumLibrary">
<arg>${Login-Url}</arg>
<arg>${Browser}</arg>
<doc>Opens a new browser instance to the optional ``url``.</doc>
<msg timestamp="20240131 21:38:59.214" level="INFO">Opening browser 'chrome' to base url 'https://www.saucedemo.com/'.</msg>
<status status="PASS" starttime="20240131 21:38:59.213" endtime="20240131 21:39:01.895"/>
</kw>
<kw name="Title Should Be" library="SeleniumLibrary">
<arg>Swag Labs</arg>
<doc>Verifies that the current page title equals ``title``.</doc>
<msg timestamp="20240131 21:39:01.903" level="INFO">Page title is 'Swag Labs'.</msg>
<status status="PASS" starttime="20240131 21:39:01.895" endtime="20240131 21:39:01.903"/>
</kw>
<status status="PASS" starttime="20240131 21:38:59.213" endtime="20240131 21:39:01.903"/>
</kw>
<kw name="Type In Username" library="Resources">
<arg>${username}</arg>
<kw name="Input Text" library="SeleniumLibrary">
<arg>//*[@id="user-name"]</arg>
<arg>${username}</arg>
<doc>Types the given ``text`` into the text field identified by ``locator``.</doc>
<msg timestamp="20240131 21:39:01.906" level="INFO">Typing text 'standard_user' into text field '//*[@id="user-name"]'.</msg>
<status status="PASS" starttime="20240131 21:39:01.904" endtime="20240131 21:39:02.181"/>
</kw>
<status status="PASS" starttime="20240131 21:39:01.903" endtime="20240131 21:39:02.182"/>
</kw>
<kw name="Type In Password" library="Resources">
<arg>${password}</arg>
<kw name="Input Password" library="SeleniumLibrary">
<arg>//*[@id="password"]</arg>
<arg>${password}</arg>
<doc>Types the given password into the text field identified by ``locator``.</doc>
<msg timestamp="20240131 21:39:02.184" level="INFO">Typing password into text field '//*[@id="password"]'.</msg>
<msg timestamp="20240131 21:39:02.221" level="INFO">Temporally setting log level to: NONE</msg>
<msg timestamp="20240131 21:39:02.289" level="INFO">Log level changed from NONE to INFO.</msg>
<status status="PASS" starttime="20240131 21:39:02.183" endtime="20240131 21:39:02.289"/>
</kw>
<status status="PASS" starttime="20240131 21:39:02.182" endtime="20240131 21:39:02.289"/>
</kw>
<kw name="Submit Credentials" library="Resources">
<kw name="Click Button" library="SeleniumLibrary">
<arg>//*[@id="login-button"]</arg>
<doc>Clicks the button identified by ``locator``.</doc>
<msg timestamp="20240131 21:39:02.290" level="INFO">Clicking button '//*[@id="login-button"]'.</msg>
<status status="PASS" starttime="20240131 21:39:02.290" endtime="20240131 21:39:02.408"/>
</kw>
<status status="PASS" starttime="20240131 21:39:02.290" endtime="20240131 21:39:02.409"/>
</kw>
<kw name="Sleep" library="BuiltIn">
<arg>2</arg>
<doc>Pauses the test executed for the given time.</doc>
<msg timestamp="20240131 21:39:04.410" level="INFO">Slept 2 seconds</msg>
<status status="PASS" starttime="20240131 21:39:02.409" endtime="20240131 21:39:04.410"/>
</kw>
<kw name="Title Should Be" library="SeleniumLibrary">
<arg>Swag Labs</arg>
<doc>Verifies that the current page title equals ``title``.</doc>
<msg timestamp="20240131 21:39:04.419" level="INFO">Page title is 'Swag Labs'.</msg>
<status status="PASS" starttime="20240131 21:39:04.410" endtime="20240131 21:39:04.419"/>
</kw>
<status status="PASS" starttime="20240131 21:38:59.212" endtime="20240131 21:39:04.420"/>
</test>
<test id="s1-t2" name="Add To Cart" line="19">
<kw name="Open Product Detail Page and Verify" library="Resources">
<arg>${productName}</arg>
<kw name="Click Element" library="SeleniumLibrary">
<arg>//*[@id="item_4_title_link"]/div</arg>
<doc>Click the element identified by ``locator``.</doc>
<msg timestamp="20240131 21:39:04.423" level="INFO">Clicking element '//*[@id="item_4_title_link"]/div'.</msg>
<status status="PASS" starttime="20240131 21:39:04.422" endtime="20240131 21:39:04.488"/>
</kw>
<kw name="Wait Until Element Is Visible" library="SeleniumLibrary">
<arg>//*[@id="inventory_item_container"]/div/div/div[2]/div[1]</arg>
<doc>Waits until the element ``locator`` is visible.</doc>
<status status="PASS" starttime="20240131 21:39:04.489" endtime="20240131 21:39:04.515"/>
</kw>
<kw name="Element Text Should Be" library="SeleniumLibrary">
<arg>//*[@id="inventory_item_container"]/div/div/div[2]/div[1]</arg>
<arg>${productName}</arg>
<doc>Verifies that element ``locator`` contains exact the text ``expected``.</doc>
<msg timestamp="20240131 21:39:04.516" level="INFO">Verifying element '//*[@id="inventory_item_container"]/div/div/div[2]/div[1]' contains exact text 'Sauce Labs Backpack'.</msg>
<status status="PASS" starttime="20240131 21:39:04.516" endtime="20240131 21:39:04.534"/>
</kw>
<status status="PASS" starttime="20240131 21:39:04.421" endtime="20240131 21:39:04.534"/>
</kw>
<kw name="Verify Existing Button" library="Resources">
<kw name="Run Keyword And Return Status" library="BuiltIn">
<var>${present}</var>
<arg>Element Should Be Visible</arg>
<arg>//*[@id="remove-sauce-labs-backpack"]</arg>
<doc>Runs the given keyword with given arguments and returns the status as a Boolean value.</doc>
<kw name="Element Should Be Visible" library="SeleniumLibrary">
<arg>//*[@id="remove-sauce-labs-backpack"]</arg>
<doc>Verifies that the element identified by ``locator`` is visible.</doc>
<msg timestamp="20240131 21:39:04.808" level="INFO" html="true">&lt;/td&gt;&lt;/tr&gt;&lt;tr&gt;&lt;td colspan="3"&gt;&lt;a href="selenium-screenshot-38.png"&gt;&lt;img src="selenium-screenshot-38.png" width="800px"&gt;&lt;/a&gt;</msg>
<msg timestamp="20240131 21:39:04.808" level="FAIL">Element with locator '//*[@id="remove-sauce-labs-backpack"]' not found.</msg>
<status status="FAIL" starttime="20240131 21:39:04.534" endtime="20240131 21:39:04.816"/>
</kw>
<msg timestamp="20240131 21:39:04.816" level="INFO">${present} = False</msg>
<status status="PASS" starttime="20240131 21:39:04.534" endtime="20240131 21:39:04.816"/>
</kw>
<kw name="Log To Console" library="BuiltIn">
<arg>${present}</arg>
<doc>Logs the given message to the console.</doc>
<status status="PASS" starttime="20240131 21:39:04.816" endtime="20240131 21:39:04.817"/>
</kw>
<kw name="Run Keyword If" library="BuiltIn">
<arg>${present}</arg>
<arg>Remove Product from Cart</arg>
<doc>Runs the given keyword with the given arguments, if ``condition`` is true.</doc>
<status status="PASS" starttime="20240131 21:39:04.817" endtime="20240131 21:39:04.817"/>
</kw>
<status status="PASS" starttime="20240131 21:39:04.534" endtime="20240131 21:39:04.817"/>
</kw>
<kw name="Add Product to Cart" library="Resources">
<arg>${productName}</arg>
<kw name="Click Button" library="SeleniumLibrary">
<arg>//*[@id="add-to-cart-sauce-labs-backpack"]</arg>
<doc>Clicks the button identified by ``locator``.</doc>
<msg timestamp="20240131 21:39:04.817" level="INFO">Clicking button '//*[@id="add-to-cart-sauce-labs-backpack"]'.</msg>
<status status="PASS" starttime="20240131 21:39:04.817" endtime="20240131 21:39:04.868"/>
</kw>
<kw name="Wait Until Element Is Visible" library="SeleniumLibrary">
<arg>//*[@id="inventory_item_container"]/div/div/div[2]/div[1]</arg>
<doc>Waits until the element ``locator`` is visible.</doc>
<status status="PASS" starttime="20240131 21:39:04.868" endtime="20240131 21:39:04.884"/>
</kw>
<kw name="Element Text Should Be" library="SeleniumLibrary">
<arg>//*[@id="inventory_item_container"]/div/div/div[2]/div[1]</arg>
<arg>${productName}</arg>
<doc>Verifies that element ``locator`` contains exact the text ``expected``.</doc>
<msg timestamp="20240131 21:39:04.884" level="INFO">Verifying element '//*[@id="inventory_item_container"]/div/div/div[2]/div[1]' contains exact text 'Sauce Labs Backpack'.</msg>
<status status="PASS" starttime="20240131 21:39:04.884" endtime="20240131 21:39:04.896"/>
</kw>
<status status="PASS" starttime="20240131 21:39:04.817" endtime="20240131 21:39:04.896"/>
</kw>
<kw name="Open Cart and Verify" library="Resources">
<kw name="Click Element" library="SeleniumLibrary">
<arg>//*[@id="shopping_cart_container"]</arg>
<doc>Click the element identified by ``locator``.</doc>
<msg timestamp="20240131 21:39:04.904" level="INFO">Clicking element '//*[@id="shopping_cart_container"]'.</msg>
<status status="PASS" starttime="20240131 21:39:04.903" endtime="20240131 21:39:04.943"/>
</kw>
<kw name="Wait Until Element Is Visible" library="SeleniumLibrary">
<arg>//*[@id="header_container"]/div[2]/span</arg>
<doc>Waits until the element ``locator`` is visible.</doc>
<status status="PASS" starttime="20240131 21:39:04.944" endtime="20240131 21:39:04.962"/>
</kw>
<kw name="Element Text Should Be" library="SeleniumLibrary">
<arg>//*[@id="header_container"]/div[2]/span</arg>
<arg>Your Cart</arg>
<doc>Verifies that element ``locator`` contains exact the text ``expected``.</doc>
<msg timestamp="20240131 21:39:04.963" level="INFO">Verifying element '//*[@id="header_container"]/div[2]/span' contains exact text 'Your Cart'.</msg>
<status status="PASS" starttime="20240131 21:39:04.963" endtime="20240131 21:39:04.974"/>
</kw>
<status status="PASS" starttime="20240131 21:39:04.903" endtime="20240131 21:39:04.974"/>
</kw>
<status status="PASS" starttime="20240131 21:39:04.421" endtime="20240131 21:39:04.974"/>
</test>
<test id="s1-t3" name="Checkout Cart" line="25">
<kw name="Go to Checkout and Verify" library="Resources">
<kw name="Click Button" library="SeleniumLibrary">
<arg>//*[@id="checkout"]</arg>
<doc>Clicks the button identified by ``locator``.</doc>
<msg timestamp="20240131 21:39:04.975" level="INFO">Clicking button '//*[@id="checkout"]'.</msg>
<status status="PASS" starttime="20240131 21:39:04.975" endtime="20240131 21:39:05.027"/>
</kw>
<kw name="Wait Until Element Is Visible" library="SeleniumLibrary">
<arg>//*[@id="header_container"]/div[2]</arg>
<doc>Waits until the element ``locator`` is visible.</doc>
<status status="PASS" starttime="20240131 21:39:05.027" endtime="20240131 21:39:05.046"/>
</kw>
<kw name="Element Text Should Be" library="SeleniumLibrary">
<arg>//*[@id="header_container"]/div[2]</arg>
<arg>Checkout: Your Information</arg>
<doc>Verifies that element ``locator`` contains exact the text ``expected``.</doc>
<msg timestamp="20240131 21:39:05.046" level="INFO">Verifying element '//*[@id="header_container"]/div[2]' contains exact text 'Checkout: Your Information'.</msg>
<status status="PASS" starttime="20240131 21:39:05.046" endtime="20240131 21:39:05.058"/>
</kw>
<status status="PASS" starttime="20240131 21:39:04.974" endtime="20240131 21:39:05.058"/>
</kw>
<kw name="Type In Buyer Info" library="Resources">
<kw name="Input Text" library="SeleniumLibrary">
<arg>//*[@id="first-name"]</arg>
<arg>Anton</arg>
<doc>Types the given ``text`` into the text field identified by ``locator``.</doc>
<msg timestamp="20240131 21:39:05.059" level="INFO">Typing text 'Anton' into text field '//*[@id="first-name"]'.</msg>
<status status="PASS" starttime="20240131 21:39:05.059" endtime="20240131 21:39:05.162"/>
</kw>
<kw name="Input Text" library="SeleniumLibrary">
<arg>//*[@id="last-name"]</arg>
<arg>Purba</arg>
<doc>Types the given ``text`` into the text field identified by ``locator``.</doc>
<msg timestamp="20240131 21:39:05.163" level="INFO">Typing text 'Purba' into text field '//*[@id="last-name"]'.</msg>
<status status="PASS" starttime="20240131 21:39:05.162" endtime="20240131 21:39:05.238"/>
</kw>
<kw name="Input Text" library="SeleniumLibrary">
<arg>//*[@id="postal-code"]</arg>
<arg>12001</arg>
<doc>Types the given ``text`` into the text field identified by ``locator``.</doc>
<msg timestamp="20240131 21:39:05.239" level="INFO">Typing text '12001' into text field '//*[@id="postal-code"]'.</msg>
<status status="PASS" starttime="20240131 21:39:05.238" endtime="20240131 21:39:05.305"/>
</kw>
<status status="PASS" starttime="20240131 21:39:05.059" endtime="20240131 21:39:05.305"/>
</kw>
<kw name="Continue Checkout and Verify" library="Resources">
<arg>${productName}</arg>
<kw name="Click Button" library="SeleniumLibrary">
<arg>//*[@id="continue"]</arg>
<doc>Clicks the button identified by ``locator``.</doc>
<msg timestamp="20240131 21:39:05.306" level="INFO">Clicking button '//*[@id="continue"]'.</msg>
<status status="PASS" starttime="20240131 21:39:05.306" endtime="20240131 21:39:05.379"/>
</kw>
<kw name="Element Text Should Be" library="SeleniumLibrary">
<arg>//*[@id="header_container"]/div[2]/span</arg>
<arg>Checkout: Overview</arg>
<doc>Verifies that element ``locator`` contains exact the text ``expected``.</doc>
<msg timestamp="20240131 21:39:05.380" level="INFO">Verifying element '//*[@id="header_container"]/div[2]/span' contains exact text 'Checkout: Overview'.</msg>
<status status="PASS" starttime="20240131 21:39:05.379" endtime="20240131 21:39:05.399"/>
</kw>
<kw name="Element Text Should Be" library="SeleniumLibrary">
<arg>//*[@id="item_4_title_link"]/div</arg>
<arg>${productName}</arg>
<doc>Verifies that element ``locator`` contains exact the text ``expected``.</doc>
<msg timestamp="20240131 21:39:05.399" level="INFO">Verifying element '//*[@id="item_4_title_link"]/div' contains exact text 'Sauce Labs Backpack'.</msg>
<status status="PASS" starttime="20240131 21:39:05.399" endtime="20240131 21:39:05.410"/>
</kw>
<status status="PASS" starttime="20240131 21:39:05.305" endtime="20240131 21:39:05.410"/>
</kw>
<status status="PASS" starttime="20240131 21:39:04.974" endtime="20240131 21:39:05.410"/>
</test>
<test id="s1-t4" name="Finish Order" line="30">
<kw name="Finish Order and Verify" library="Resources">
<kw name="Click Button" library="SeleniumLibrary">
<arg>//*[@id="finish"]</arg>
<doc>Clicks the button identified by ``locator``.</doc>
<msg timestamp="20240131 21:39:05.412" level="INFO">Clicking button '//*[@id="finish"]'.</msg>
<status status="PASS" starttime="20240131 21:39:05.412" endtime="20240131 21:39:05.480"/>
</kw>
<kw name="Wait Until Element Is Visible" library="SeleniumLibrary">
<arg>//*[@id="header_container"]/div[2]/span</arg>
<doc>Waits until the element ``locator`` is visible.</doc>
<status status="PASS" starttime="20240131 21:39:05.480" endtime="20240131 21:39:05.515"/>
</kw>
<kw name="Element Text Should Be" library="SeleniumLibrary">
<arg>//*[@id="header_container"]/div[2]/span</arg>
<arg>Checkout: Complete!</arg>
<doc>Verifies that element ``locator`` contains exact the text ``expected``.</doc>
<msg timestamp="20240131 21:39:05.515" level="INFO">Verifying element '//*[@id="header_container"]/div[2]/span' contains exact text 'Checkout: Complete!'.</msg>
<status status="PASS" starttime="20240131 21:39:05.515" endtime="20240131 21:39:05.526"/>
</kw>
<kw name="Element Text Should Be" library="SeleniumLibrary">
<arg>//*[@id="checkout_complete_container"]/h2</arg>
<arg>Thank you for your order!</arg>
<doc>Verifies that element ``locator`` contains exact the text ``expected``.</doc>
<msg timestamp="20240131 21:39:05.527" level="INFO">Verifying element '//*[@id="checkout_complete_container"]/h2' contains exact text 'Thank you for your order!'.</msg>
<status status="PASS" starttime="20240131 21:39:05.526" endtime="20240131 21:39:05.544"/>
</kw>
<kw name="Element Should Be Visible" library="SeleniumLibrary">
<arg>//*[@id="back-to-products"]</arg>
<doc>Verifies that the element identified by ``locator`` is visible.</doc>
<msg timestamp="20240131 21:39:05.564" level="INFO">Element '//*[@id="back-to-products"]' is displayed.</msg>
<status status="PASS" starttime="20240131 21:39:05.544" endtime="20240131 21:39:05.564"/>
</kw>
<status status="PASS" starttime="20240131 21:39:05.411" endtime="20240131 21:39:05.564"/>
</kw>
<status status="PASS" starttime="20240131 21:39:05.411" endtime="20240131 21:39:05.564"/>
</test>
<status status="PASS" starttime="20240131 21:38:58.972" endtime="20240131 21:39:05.564"/>
</suite>
<statistics>
<total>
<stat pass="4" fail="0" skip="0">All Tests</stat>
</total>
<tag>
</tag>
<suite>
<stat pass="4" fail="0" skip="0" id="s1" name="Assignment2">Assignment2</stat>
</suite>
</statistics>
<errors>
</errors>
</robot>
